2025-05-07 18:00:11.614 | main | INFO | io.prometheus.jmx.JavaAgent | Starting ...
2025-05-07 18:00:12.304 | main | INFO | io.prometheus.jmx.JavaAgent | HTTP enabled [true]
2025-05-07 18:00:12.307 | main | INFO | io.prometheus.jmx.JavaAgent | HTTP host:port [0.0.0.0:9404]
2025-05-07 18:00:12.312 | main | INFO | io.prometheus.jmx.JavaAgent | OpenTelemetry enabled [false]
2025-05-07 18:00:12.452 | main | INFO | io.prometheus.jmx.JavaAgent | Running ...


              |\      _,,,--,,_
             /,`.-'`'   ._  \-;;,_
  _______ __|,4-  ) )_   .;.(__`'-'__     ___ __    _ ___ _______
 |       | '---''(_/._)-'(_\_)   |   |   |   |  |  | |   |       |
 |    _  |    ___|_     _|       |   |   |   |   |_| |   |       | __ _ _
 |   |_| |   |___  |   | |       |   |   |   |       |   |       | \ \ \ \
 |    ___|    ___| |   | |      _|   |___|   |  _    |   |      _|  \ \ \ \
 |   |   |   |___  |   | |     |_|       |   | | |   |   |     |_    ) ) ) )
 |___|   |_______| |___| |_______|_______|___|_|  |__|___|_______|  / / / /
 ==================================================================/_/_/_/

:: Built with Spring Boot :: 3.4.2


2025-05-07T18:00:14.446Z  INFO 8 --- [           main] o.s.s.petclinic.PetClinicApplication     : Starting PetClinicApplication v3.4.0-SNAPSHOT using Java 21 with PID 8 (/app/petclinic.jar started by root in /app)
2025-05-07T18:00:14.453Z  INFO 8 --- [           main] o.s.s.petclinic.PetClinicApplication     : No active profile set, falling back to 1 default profile: "default"
2025-05-07T18:00:15.771Z  INFO 8 --- [           main] .s.d.r.c.RepositoryConfigurationDelegate : Bootstrapping Spring Data JPA repositories in DEFAULT mode.
2025-05-07T18:00:15.921Z  INFO 8 --- [           main] .s.d.r.c.RepositoryConfigurationDelegate : Finished Spring Data repository scanning in 136 ms. Found 2 JPA repository interfaces.
2025-05-07T18:00:16.919Z  INFO 8 --- [           main] o.s.b.w.embedded.tomcat.TomcatWebServer  : Tomcat initialized with port 8080 (http)
2025-05-07T18:00:16.935Z  INFO 8 --- [           main] o.apache.catalina.core.StandardService   : Starting service [Tomcat]
2025-05-07T18:00:16.936Z  INFO 8 --- [           main] o.apache.catalina.core.StandardEngine    : Starting Servlet engine: [Apache Tomcat/10.1.34]
2025-05-07T18:00:16.976Z  INFO 8 --- [           main] o.a.c.c.C.[Tomcat].[localhost].[/]       : Initializing Spring embedded WebApplicationContext
2025-05-07T18:00:16.976Z  INFO 8 --- [           main] w.s.c.ServletWebServerApplicationContext : Root WebApplicationContext: initialization completed in 2451 ms
2025-05-07T18:00:17.381Z  INFO 8 --- [           main] com.zaxxer.hikari.HikariDataSource       : HikariPool-1 - Starting...
2025-05-07T18:00:17.643Z  INFO 8 --- [           main] com.zaxxer.hikari.pool.HikariPool        : HikariPool-1 - Added connection conn0: url=jdbc:h2:mem:47bdd24a-9644-438d-8c5d-666abcf65831 user=SA
2025-05-07T18:00:17.646Z  INFO 8 --- [           main] com.zaxxer.hikari.HikariDataSource       : HikariPool-1 - Start completed.
2025-05-07T18:00:17.860Z  INFO 8 --- [           main] o.hibernate.jpa.internal.util.LogHelper  : HHH000204: Processing PersistenceUnitInfo [name: default]
2025-05-07T18:00:17.925Z  INFO 8 --- [           main] org.hibernate.Version                    : HHH000412: Hibernate ORM core version 6.6.5.Final
2025-05-07T18:00:17.960Z  INFO 8 --- [           main] o.h.c.internal.RegionFactoryInitiator    : HHH000026: Second-level cache disabled
2025-05-07T18:00:18.222Z  INFO 8 --- [           main] o.s.o.j.p.SpringPersistenceUnitInfo      : No LoadTimeWeaver setup: ignoring JPA class transformer
2025-05-07T18:00:18.285Z  INFO 8 --- [           main] org.hibernate.orm.connections.pooling    : HHH10001005: Database info:
	Database JDBC URL [Connecting through datasource 'HikariDataSource (HikariPool-1)']
	Database driver: undefined/unknown
	Database version: 2.3.232
	Autocommit mode: undefined/unknown
	Isolation level: undefined/unknown
	Minimum pool size: undefined/unknown
	Maximum pool size: undefined/unknown
2025-05-07T18:00:19.555Z  INFO 8 --- [           main] o.h.e.t.j.p.i.JtaPlatformInitiator       : HHH000489: No JTA platform available (set 'hibernate.transaction.jta.platform' to enable JTA platform integration)
2025-05-07T18:00:19.558Z  INFO 8 --- [           main] j.LocalContainerEntityManagerFactoryBean : Initialized JPA EntityManagerFactory for persistence unit 'default'
2025-05-07T18:00:20.199Z  INFO 8 --- [           main] o.s.d.j.r.query.QueryEnhancerFactory     : Hibernate is in classpath; If applicable, HQL parser will be used.
2025-05-07T18:00:22.028Z  INFO 8 --- [           main] o.s.b.a.e.web.EndpointLinksResolver      : Exposing 14 endpoints beneath base path '/actuator'
2025-05-07T18:00:22.133Z  INFO 8 --- [           main] o.s.b.w.embedded.tomcat.TomcatWebServer  : Tomcat started on port 8080 (http) with context path '/'
2025-05-07T18:00:22.151Z  INFO 8 --- [           main] o.s.s.petclinic.PetClinicApplication     : Started PetClinicApplication in 8.525 seconds (process running for 10.871)
